<?xml version="1.0" encoding="UTF-8"?>
<!-- Generated by org.testng.reporters.JUnitReportReporter -->
<testsuite hostname="Naveen" failures="0" tests="1" name="seleniumPRACTICE.ExtentReport" time="2.874" errors="0" timestamp="2023-02-08T17:35:48 IST" skipped="0">
  <testcase classname="seleniumPRACTICE.ExtentReport" name="open" time="2.874"/>
  <system-out/>
</testsuite> <!-- seleniumPRACTICE.ExtentReport -->
