<?xml version="1.0" encoding="UTF-8"?>
<!-- Generated by org.testng.reporters.JUnitReportReporter -->
<testsuite hostname="picco" failures="0" tests="1" name="testNG.DriveTheCar" time="7.308" errors="0" timestamp="2023-02-04T15:35:35 IST" skipped="0">
  <testcase classname="testNG.DriveTheCar" name="startTheCar" time="7.308"/>
  <system-out/>
</testsuite> <!-- testNG.DriveTheCar -->
