<?xml version="1.0" encoding="UTF-8"?>
<!-- Generated by org.testng.reporters.JUnitReportReporter -->
<testsuite hostname="picco" failures="0" tests="1" name="flipKartTest.FlipkartTestCase" time="30.962" errors="0" timestamp="2023-02-06T12:10:46 IST" skipped="0">
  <testcase classname="flipKartTest.FlipkartTestCase" name="flipkartGrocery" time="30.962"/>
  <system-out/>
</testsuite> <!-- flipKartTest.FlipkartTestCase -->
