<?xml version="1.0" encoding="UTF-8"?>
<!-- Generated by org.testng.reporters.JUnitReportReporter -->
<testsuite hostname="picco" failures="0" tests="3" name="testNG.Sample" time="8.931" errors="0" timestamp="2023-02-03T16:42:57 IST" skipped="0">
  <testcase classname="testNG.Sample" name="openTwitter" time="3.988"/>
  <system-out/>
  <testcase classname="testNG.Sample" name="openInsta" time="3.794"/>
  <system-out/>
  <testcase classname="testNG.Sample" name="openFB" time="1.149"/>
  <system-out/>
</testsuite> <!-- testNG.Sample -->
