<?xml version="1.0" encoding="UTF-8"?>
<!-- Generated by org.testng.reporters.JUnitReportReporter -->
<testsuite hostname="picco" failures="0" tests="3" name="testNG.Myshaa" time="0.000" errors="0" timestamp="2023-01-31T18:54:45 IST" skipped="3">
  <testcase classname="testNG.Myshaa" name="LoginPage" time="0.000">
    <skipped/>
  </testcase> <!-- LoginPage -->
  <system-out/>
  <testcase classname="testNG.Myshaa" name="companyPage" time="0.000">
    <skipped/>
  </testcase> <!-- companyPage -->
  <system-out/>
  <testcase classname="testNG.Myshaa" name="dynamic" time="0.000">
    <skipped/>
  </testcase> <!-- dynamic -->
  <system-out/>
</testsuite> <!-- testNG.Myshaa -->
