<?xml version="1.0" encoding="UTF-8"?>
<!-- Generated by org.testng.reporters.JUnitReportReporter -->
<testsuite hostname="picco" failures="0" tests="1" name="flipkart.AmazonTC" time="26.502" errors="0" timestamp="2023-02-06T12:19:31 IST" skipped="0">
  <testcase classname="flipkart.AmazonTC" name="launchBrowser" time="26.502"/>
  <system-out/>
</testsuite> <!-- flipkart.AmazonTC -->
