<?xml version="1.0" encoding="UTF-8"?>
<!-- Generated by org.testng.reporters.JUnitReportReporter -->
<testsuite hostname="Naveen" failures="0" tests="1" name="seleniumPRACTICE.SpurtTC" time="22.848" errors="0" timestamp="2023-02-15T17:32:51 IST" skipped="0">
  <testcase classname="seleniumPRACTICE.SpurtTC" name="addProduct" time="22.848"/>
  <system-out/>
</testsuite> <!-- seleniumPRACTICE.SpurtTC -->
