<?xml version="1.0" encoding="UTF-8"?>
<!-- Generated by org.testng.reporters.JUnitReportReporter -->
<testsuite hostname="Naveen" failures="0" tests="1" name="seleniumPRACTICE.Spurt" time="12.415" errors="0" timestamp="2023-02-15T17:19:59 IST" skipped="0">
  <testcase classname="seleniumPRACTICE.Spurt" name="addVendor" time="12.415"/>
  <system-out/>
</testsuite> <!-- seleniumPRACTICE.Spurt -->
