<?xml version="1.0" encoding="UTF-8"?>
<!-- Generated by org.testng.reporters.JUnitReportReporter -->
<testsuite hostname="picco" failures="0" tests="1" name="seleniumTraining.WikipediaTask" time="20.238" errors="0" timestamp="2023-02-02T11:51:45 IST" skipped="0">
  <testcase classname="seleniumTraining.WikipediaTask" name="wiki" time="20.238"/>
  <system-out/>
</testsuite> <!-- seleniumTraining.WikipediaTask -->
