<?xml version="1.0" encoding="UTF-8"?>
<!-- Generated by org.testng.reporters.JUnitReportReporter -->
<testsuite hostname="picco" failures="0" tests="4" name="dataProvider.LoginWithMyshaa" time="6.102" errors="0" timestamp="2023-01-30T10:53:40 IST" skipped="0">
  <testcase classname="dataProvider.LoginWithMyshaa" name="loginWithValiData" time="1.074"/>
  <system-out/>
  <testcase classname="dataProvider.LoginWithMyshaa" name="loginWithValiData" time="0.286"/>
  <system-out/>
  <testcase classname="dataProvider.LoginWithMyshaa" name="loginWithValiData" time="4.403"/>
  <system-out/>
  <testcase classname="dataProvider.LoginWithMyshaa" name="loginWithValiData" time="0.339"/>
  <system-out/>
</testsuite> <!-- dataProvider.LoginWithMyshaa -->
