<?xml version="1.0" encoding="UTF-8"?>
<!-- Generated by org.testng.reporters.JUnitReportReporter -->
<testsuite hostname="Naveen" failures="0" tests="7" name="TestCases.StoreHomeTC" time="182.294" errors="0" timestamp="2023-03-03T11:43:44 IST" skipped="0">
  <testcase classname="TestCases.StoreHomeTC" name="HeaderPage" time="8.339"/>
  <system-out/>
  <testcase classname="TestCases.StoreHomeTC" name="NewYearOfferdetails" time="22.584"/>
  <system-out/>
  <testcase classname="TestCases.StoreHomeTC" name="AccountDetails" time="38.601"/>
  <system-out/>
  <testcase classname="TestCases.StoreHomeTC" name="KrshnaProductDetails" time="24.524"/>
  <system-out/>
  <testcase classname="TestCases.StoreHomeTC" name="AirConditionorDetails" time="20.921"/>
  <system-out/>
  <testcase classname="TestCases.StoreHomeTC" name="VendorSignUp" time="10.450"/>
  <system-out/>
  <testcase classname="TestCases.StoreHomeTC" name="ProductSearchDetails" time="56.875"/>
  <system-out/>
</testsuite> <!-- TestCases.StoreHomeTC -->
