<?xml version="1.0" encoding="UTF-8"?>
<!-- Generated by org.testng.reporters.JUnitReportReporter -->
<testsuite hostname="Naveen" failures="0" tests="5" name="TestCases.SportsTC" time="109.591" errors="0" timestamp="2023-03-03T11:43:44 IST" skipped="0">
  <testcase classname="TestCases.SportsTC" name="grandPiano" time="23.179"/>
  <system-out/>
  <testcase classname="TestCases.SportsTC" name="keyBoard" time="20.404"/>
  <system-out/>
  <testcase classname="TestCases.SportsTC" name="cricketKit" time="24.846"/>
  <system-out/>
  <testcase classname="TestCases.SportsTC" name="footBall" time="24.923"/>
  <system-out/>
  <testcase classname="TestCases.SportsTC" name="badminton" time="16.239"/>
  <system-out/>
</testsuite> <!-- TestCases.SportsTC -->
