<?xml version="1.0" encoding="UTF-8"?>
<!-- Generated by org.testng.reporters.JUnitReportReporter -->
<testsuite hostname="Naveen" failures="0" tests="2" name="TestCases.KrishnaProductTC" time="109.462" errors="0" timestamp="2023-03-03T11:43:44 IST" skipped="0">
  <testcase classname="TestCases.KrishnaProductTC" name="radhaKrishna" time="79.578"/>
  <system-out/>
  <testcase classname="TestCases.KrishnaProductTC" name="babyKids" time="29.884"/>
  <system-out/>
</testsuite> <!-- TestCases.KrishnaProductTC -->
