<?xml version="1.0" encoding="UTF-8"?>
<!-- Generated by org.testng.reporters.JUnitReportReporter -->
<testsuite hostname="Naveen" failures="0" tests="9" name="TestCases.ElectronicsModuleTC" time="201.698" errors="0" timestamp="2023-03-03T11:43:44 IST" skipped="0">
  <testcase classname="TestCases.ElectronicsModuleTC" name="SmartWearableDetails" time="27.944"/>
  <system-out/>
  <testcase classname="TestCases.ElectronicsModuleTC" name="TVSpeaker" time="36.634"/>
  <system-out/>
  <testcase classname="TestCases.ElectronicsModuleTC" name="MobileAccessories" time="21.706"/>
  <system-out/>
  <testcase classname="TestCases.ElectronicsModuleTC" name="CameraDetails" time="27.128"/>
  <system-out/>
  <testcase classname="TestCases.ElectronicsModuleTC" name="Laptops" time="28.616"/>
  <system-out/>
  <testcase classname="TestCases.ElectronicsModuleTC" name="MobileDetails" time="19.956"/>
  <system-out/>
  <testcase classname="TestCases.ElectronicsModuleTC" name="AccessoriesOption" time="16.082"/>
  <system-out/>
  <testcase classname="TestCases.ElectronicsModuleTC" name="SpeakersDetails" time="18.963"/>
  <system-out/>
  <testcase classname="TestCases.ElectronicsModuleTC" name="Signoutfun" time="4.669"/>
  <system-out/>
</testsuite> <!-- TestCases.ElectronicsModuleTC -->
