<?xml version="1.0" encoding="UTF-8"?>
<!-- Generated by org.testng.reporters.JUnitReportReporter -->
<testsuite hostname="Naveen" failures="0" tests="1" name="TestCases.HomeFurnitureTC" time="21.614" errors="0" timestamp="2023-03-04T12:20:57 IST" skipped="0">
  <testcase classname="TestCases.HomeFurnitureTC" name="HomeLightDetails" time="21.614"/>
  <system-out/>
</testsuite> <!-- TestCases.HomeFurnitureTC -->
