<?xml version="1.0" encoding="UTF-8"?>
<!-- Generated by org.testng.reporters.JUnitReportReporter -->
<testsuite hostname="Naveen" failures="0" tests="5" name="TestCases.StoreContactTC" time="77.009" errors="0" timestamp="2023-03-03T11:43:44 IST" skipped="0">
  <testcase classname="TestCases.StoreContactTC" name="contact" time="15.585"/>
  <system-out/>
  <testcase classname="TestCases.StoreContactTC" name="vendor" time="13.109"/>
  <system-out/>
  <testcase classname="TestCases.StoreContactTC" name="smartWatch" time="10.931"/>
  <system-out/>
  <testcase classname="TestCases.StoreContactTC" name="weekEndCollection" time="23.560"/>
  <system-out/>
  <testcase classname="TestCases.StoreContactTC" name="colourIcon" time="13.824"/>
  <system-out/>
</testsuite> <!-- TestCases.StoreContactTC -->
