<?xml version="1.0" encoding="UTF-8"?>
<!-- Generated by org.testng.reporters.JUnitReportReporter -->
<testsuite hostname="Naveen" failures="0" tests="7" name="TestCases.WomensTC" time="183.397" errors="0" timestamp="2023-03-03T11:43:45 IST" skipped="0">
  <testcase classname="TestCases.WomensTC" name="lakmeLotion" time="27.739"/>
  <system-out/>
  <testcase classname="TestCases.WomensTC" name="shampoo" time="24.673"/>
  <system-out/>
  <testcase classname="TestCases.WomensTC" name="skinCare" time="23.977"/>
  <system-out/>
  <testcase classname="TestCases.WomensTC" name="sandals" time="26.547"/>
  <system-out/>
  <testcase classname="TestCases.WomensTC" name="zAccessories" time="24.951"/>
  <system-out/>
  <testcase classname="TestCases.WomensTC" name="sarees" time="24.744"/>
  <system-out/>
  <testcase classname="TestCases.WomensTC" name="EthnicWear" time="30.766"/>
  <system-out/>
</testsuite> <!-- TestCases.WomensTC -->
