<?xml version="1.0" encoding="UTF-8"?>
<!-- Generated by org.testng.reporters.JUnitReportReporter -->
<testsuite hostname="Naveen" failures="0" tests="1" name="TestCases.LoginTC" time="1.549" errors="0" timestamp="2023-02-17T16:41:31 IST" skipped="0">
  <testcase classname="TestCases.LoginTC" name="verifyLogIn" time="1.549"/>
  <system-out/>
</testsuite> <!-- TestCases.LoginTC -->
