<?xml version="1.0" encoding="UTF-8"?>
<!-- Generated by org.testng.reporters.JUnitReportReporter -->
<testsuite hostname="Naveen" failures="0" tests="2" name="TestCases.StoreMenuTC" time="26.168" errors="0" timestamp="2023-03-03T11:43:44 IST" skipped="0">
  <testcase classname="TestCases.StoreMenuTC" name="verifyDiwaliMenu" time="15.608"/>
  <system-out/>
  <testcase classname="TestCases.StoreMenuTC" name="verifyChristmasMenu" time="10.560"/>
  <system-out/>
</testsuite> <!-- TestCases.StoreMenuTC -->
