<?xml version="1.0" encoding="UTF-8"?>
<!-- Generated by org.testng.reporters.JUnitReportReporter -->
<testsuite hostname="Naveen" failures="0" tests="4" name="TestCases.CommonTestCase" time="92.597" errors="0" timestamp="2023-03-03T11:43:44 IST" skipped="0">
  <testcase classname="TestCases.CommonTestCase" name="adminProduct" time="55.694"/>
  <system-out/>
  <testcase classname="TestCases.CommonTestCase" name="blackShirt" time="15.056"/>
  <system-out/>
  <testcase classname="TestCases.CommonTestCase" name="ProductStatus" time="9.436"/>
  <system-out/>
  <testcase classname="TestCases.CommonTestCase" name="blackShirtStatus" time="12.411"/>
  <system-out/>
</testsuite> <!-- TestCases.CommonTestCase -->
