<?xml version="1.0" encoding="UTF-8"?>
<!-- Generated by org.testng.reporters.JUnitReportReporter -->
<testsuite hostname="picco" failures="0" tests="1" name="pOMFrameWork.logInObjects" time="0.020" errors="0" timestamp="2023-01-31T17:33:37 IST" skipped="0">
  <testcase classname="pOMFrameWork.logInObjects" name="loh" time="0.020"/>
  <system-out/>
</testsuite> <!-- pOMFrameWork.logInObjects -->
