<?xml version="1.0" encoding="UTF-8"?>
<!-- Generated by org.testng.reporters.JUnitReportReporter -->
<testsuite hostname="Naveen" failures="0" tests="1" name="hooks.hooks" time="16.748" errors="0" timestamp="2023-03-31T15:50:57 IST" skipped="0">
  <testcase classname="hooks.hooks" name="SetUpBrowser" time="16.748"/>
  <system-out/>
</testsuite> <!-- hooks.hooks -->
